<VYSLEDKY_KRAJ xmlns="http://www.volby.cz/prezident/" xmlns:xsi="http://www.w3.org/2001/XMLSchema-instance" xsi:schemaLocation="http://www.volby.cz/prezident/pe_vysledky_kraj.xsd" DATUM_CAS_GENEROVANI="2023-01-26T15:38:04" KOLO="2">
    <KRAJ NUTS_KRAJ="CZ010" NAZ_KRAJ="Hlavní město Praha">
        <OKRES NUTS_OKRES="CZ0100" NAZ_OKRES="Praha">
            <CELKEM>
                <HODN_KAND PORADOVE_CISLO="4" HLASY="0"/>
                <HODN_KAND PORADOVE_CISLO="7" HLASY="0"/>
                <UCAST KOLO="2" OKRSKY_CELKEM="1124" OKRSKY_ZPRAC="0" OKRSKY_ZPRAC_PROC="0.00" ZAPSANI_VOLICI="0" VYDANE_OBALKY="0" UCAST_PROC="0.00" ODEVZDANE_OBALKY="0" PLATNE_HLASY="0" PLATNE_HLASY_PROC="0.00"/>
            </CELKEM>
            <OBEC CIS_OBEC="500054" NAZ_OBEC="Praha 1" TYP_OBEC="MCMO">
                <HODN_KAND PORADOVE_CISLO="4" HLASY="652"/>
                <HODN_KAND PORADOVE_CISLO="7" HLASY="716"/>
                <UCAST KOLO="1" OKRSKY_CELKEM="21" OKRSKY_ZPRAC="3" OKRSKY_ZPRAC_PROC="100.00" ZAPSANI_VOLICI="21252" VYDANE_OBALKY="13708" UCAST_PROC="64.50" ODEVZDANE_OBALKY="13699" PLATNE_HLASY="13589" PLATNE_HLASY_PROC="99.20"/>
            </OBEC>
            <OBEC CIS_OBEC="500089" NAZ_OBEC="Praha 2" TYP_OBEC="MCMO">
                <HODN_KAND PORADOVE_CISLO="4" HLASY="1280"/>
                <HODN_KAND PORADOVE_CISLO="7" HLASY="950"/>
                <UCAST KOLO="1" OKRSKY_CELKEM="45" OKRSKY_ZPRAC="45" OKRSKY_ZPRAC_PROC="100.00" ZAPSANI_VOLICI="31386" VYDANE_OBALKY="21081" UCAST_PROC="67.17" ODEVZDANE_OBALKY="21042" PLATNE_HLASY="20811" PLATNE_HLASY_PROC="98.90"/>
            </OBEC>
            <OBEC CIS_OBEC="554782" NAZ_OBEC="Praha" TYP_OBEC="OBEC_S_MCMO">
                <HODN_KAND PORADOVE_CISLO="4" HLASY="24845"/>
                <HODN_KAND PORADOVE_CISLO="7" HLASY="27911"/>
                <UCAST KOLO="1" OKRSKY_CELKEM="1124" OKRSKY_ZPRAC="1124" OKRSKY_ZPRAC_PROC="100.00" ZAPSANI_VOLICI="906852" VYDANE_OBALKY="643396" UCAST_PROC="70.95" ODEVZDANE_OBALKY="642796" PLATNE_HLASY="636684" PLATNE_HLASY_PROC="99.05"/>
            </OBEC>
            <OBEC CIS_OBEC="551694" NAZ_OBEC="Velká Štáhle" TYP_OBEC="OBEC_BEZ_MCMO">
                <HODN_KAND PORADOVE_CISLO="4" HLASY="8"/>
                <HODN_KAND PORADOVE_CISLO="7" HLASY="5"/>
                <UCAST KOLO="1" OKRSKY_CELKEM="1" OKRSKY_ZPRAC="1" OKRSKY_ZPRAC_PROC="100.00" ZAPSANI_VOLICI="276" VYDANE_OBALKY="175" UCAST_PROC="63.41" ODEVZDANE_OBALKY="175" PLATNE_HLASY="175" PLATNE_HLASY_PROC="100.00"/>
            </OBEC>
        </OKRES>
        <CELKEM>
            <HODN_KAND PORADOVE_CISLO="4" HLASY="0"/>
            <HODN_KAND PORADOVE_CISLO="7" HLASY="0"/>
            <UCAST KOLO="2" OKRSKY_CELKEM="1124" OKRSKY_ZPRAC="0" OKRSKY_ZPRAC_PROC="0.00" ZAPSANI_VOLICI="0" VYDANE_OBALKY="0" UCAST_PROC="0.00" ODEVZDANE_OBALKY="0" PLATNE_HLASY="0" PLATNE_HLASY_PROC="0.00"/>
        </CELKEM>
    </KRAJ>
</VYSLEDKY_KRAJ>